<?xml version="1.0" encoding="UTF-8"?>
<!-- Generated by org.testng.reporters.JUnitXMLReporter -->
<testsuite ignored="0" hostname="JamesIbue" failures="0" tests="4" name="Surefire test" time="0.097" errors="0" timestamp="2022-09-01T19:43:41 BST">
  <testcase classname="com.qa.tests.DemoTest" name="div" time="0.017"/>
  <testcase classname="com.qa.tests.DemoTest" name="multi" time="0.0"/>
  <testcase classname="com.qa.tests.DemoTest" name="sub" time="0.0"/>
  <testcase classname="com.qa.tests.DemoTest" name="sum" time="0.0"/>
</testsuite> <!-- Surefire test -->
