<?xml version="1.0" encoding="UTF-8"?>
<testng-results ignored="0" total="4" passed="4" failed="0" skipped="0">
  <reporter-output>
  </reporter-output>
  <suite started-at="2022-09-01T19:43:41 BST" name="Surefire suite" finished-at="2022-09-01T19:43:41 BST" duration-ms="97">
    <groups>
    </groups>
    <test started-at="2022-09-01T19:43:41 BST" name="Surefire test" finished-at="2022-09-01T19:43:41 BST" duration-ms="97">
      <class name="com.qa.tests.DemoTest">
        <test-method signature="div()[pri:0, instance:com.qa.tests.DemoTest@25b485ba]" started-at="2022-09-01T19:43:41 BST" name="div" finished-at="2022-09-01T19:43:41 BST" duration-ms="17" status="PASS">
          <reporter-output>
          </reporter-output>
        </test-method> <!-- div -->
        <test-method signature="multi()[pri:0, instance:com.qa.tests.DemoTest@25b485ba]" started-at="2022-09-01T19:43:41 BST" name="multi" finished-at="2022-09-01T19:43:41 BST" duration-ms="0" status="PASS">
          <reporter-output>
          </reporter-output>
        </test-method> <!-- multi -->
        <test-method signature="sum()[pri:0, instance:com.qa.tests.DemoTest@25b485ba]" started-at="2022-09-01T19:43:41 BST" name="sum" finished-at="2022-09-01T19:43:41 BST" duration-ms="0" status="PASS">
          <reporter-output>
          </reporter-output>
        </test-method> <!-- sum -->
        <test-method signature="sub()[pri:0, instance:com.qa.tests.DemoTest@25b485ba]" started-at="2022-09-01T19:43:41 BST" name="sub" finished-at="2022-09-01T19:43:41 BST" duration-ms="0" status="PASS">
          <reporter-output>
          </reporter-output>
        </test-method> <!-- sub -->
      </class> <!-- com.qa.tests.DemoTest -->
    </test> <!-- Surefire test -->
  </suite> <!-- Surefire suite -->
</testng-results>
